[Licensing::Module] Trying to connect to existing licensing client channel...
Built from '6000.2/staging' branch; Version is '6000.2.12f1 (e89d5df0e333) revision 15244637'; Using compiler version '194234433'; Build Type 'Release'
[Licensing::IpcConnector] Successfully connected to: "LicenseClient-Latasha" at "2025-11-17T02:50:14.0605633Z"
OS: 'Windows 11  (10.0.26200) 64bit Education' Language: 'en' Physical Memory: 16196 MB
BatchMode: 1, IsHumanControllingUs: 0, StartBugReporterOnCrash: 0, Is64bit: 1
Date: 2025-11-17T02:50:14Z

COMMAND LINE ARGUMENTS:
C:\Program Files\Unity\Hub\Editor\6000.2.12f1\Editor\Unity.exe
-adb2
-batchMode
-noUpm
-name
AssetImportWorker7
-projectPath
D:/Users/Latasha/Desktop/COMP 6710/vr
-logFile
Logs/AssetImportWorker7.log
-srvPort
64838
-licensingIpc
LicenseClient-Latasha
-job-worker-count
5
-background-job-worker-count
8
-gc-helper-count
1
-name
AssetImport
Successfully changed project path to: D:/Users/Latasha/Desktop/COMP 6710/vr
D:/Users/Latasha/Desktop/COMP 6710/vr
[UnityMemory] Configuration Parameters - Can be set up in boot.config
    "memorysetup-allocator-temp-initial-block-size-main=262144"
    "memorysetup-allocator-temp-initial-block-size-worker=262144"
    "memorysetup-bucket-allocator-granularity=16"
    "memorysetup-bucket-allocator-bucket-count=8"
    "memorysetup-bucket-allocator-block-size=33554432"
    "memorysetup-bucket-allocator-block-count=8"
    "memorysetup-main-allocator-block-size=16777216"
    "memorysetup-thread-allocator-block-size=16777216"
    "memorysetup-gfx-main-allocator-block-size=16777216"
    "memorysetup-gfx-thread-allocator-block-size=16777216"
    "memorysetup-cache-allocator-block-size=4194304"
    "memorysetup-typetree-allocator-block-size=2097152"
    "memorysetup-profiler-bucket-allocator-granularity=16"
    "memorysetup-profiler-bucket-allocator-bucket-count=8"
    "memorysetup-profiler-bucket-allocator-block-size=33554432"
    "memorysetup-profiler-bucket-allocator-block-count=8"
    "memorysetup-profiler-allocator-block-size=16777216"
    "memorysetup-profiler-editor-allocator-block-size=1048576"
    "memorysetup-temp-allocator-size-main=16777216"
    "memorysetup-job-temp-allocator-block-size=2097152"
    "memorysetup-job-temp-allocator-block-size-background=1048576"
    "memorysetup-job-temp-allocator-reduction-small-platforms=262144"
    "memorysetup-temp-allocator-size-background-worker=32768"
    "memorysetup-temp-allocator-size-job-worker=262144"
    "memorysetup-temp-allocator-size-preload-manager=33554432"
    "memorysetup-temp-allocator-size-nav-mesh-worker=65536"
    "memorysetup-temp-allocator-size-audio-worker=65536"
    "memorysetup-temp-allocator-size-cloud-worker=32768"
    "memorysetup-temp-allocator-size-gi-baking-worker=262144"
    "memorysetup-temp-allocator-size-gi-baking-worker=262144"
    "memorysetup-temp-allocator-size-gi-baking-worker=262144"
    "memorysetup-temp-allocator-size-gi-baking-worker=262144"
    "memorysetup-temp-allocator-size-gi-baking-worker=262144"
    "memorysetup-temp-allocator-size-gfx=262144"
Player connection [23324]  Target information:

Player connection [23324]  * "[IP] 192.168.225.1 [Port] 0 [Flags] 2 [Guid] 1274074683 [EditorId] 1274074683 [Version] 1048832 [Id] WindowsEditor(7,TJ) [Debug] 1 [PackageName] WindowsEditor [ProjectName] Editor" 

Player connection [23324]  * "[IP] 192.168.182.1 [Port] 0 [Flags] 2 [Guid] 1274074683 [EditorId] 1274074683 [Version] 1048832 [Id] WindowsEditor(7,TJ) [Debug] 1 [PackageName] WindowsEditor [ProjectName] Editor" 

Player connection [23324]  * "[IP] 192.168.56.1 [Port] 0 [Flags] 2 [Guid] 1274074683 [EditorId] 1274074683 [Version] 1048832 [Id] WindowsEditor(7,TJ) [Debug] 1 [PackageName] WindowsEditor [ProjectName] Editor" 

Player connection [23324]  * "[IP] 172.27.16.1 [Port] 0 [Flags] 2 [Guid] 1274074683 [EditorId] 1274074683 [Version] 1048832 [Id] WindowsEditor(7,TJ) [Debug] 1 [PackageName] WindowsEditor [ProjectName] Editor" 

Player connection [23324]  * "[IP] 192.168.1.192 [Port] 0 [Flags] 2 [Guid] 1274074683 [EditorId] 1274074683 [Version] 1048832 [Id] WindowsEditor(7,TJ) [Debug] 1 [PackageName] WindowsEditor [ProjectName] Editor" 

Player connection [23324] Host joined multi-casting on [225.0.0.222:54997]...
Player connection [23324] Host joined alternative multi-casting on [225.0.0.222:34997]...
JobSystem: Creating JobQueue using job-worker-count value 5
Input System module state changed to: Initialized.
[Physics::Module] Initialized fallback backend.
[Physics::Module] Id: 0xdecafbad
Library Redirect Path: Library/
[Physics::Module] Selected backend.
[Physics::Module] Name: PhysX
[Physics::Module] Id: 0xf2b8ea05
[Physics::Module] SDK Version: 4.1.2
[Physics::Module] Integration Version: 1.0.0
[Physics::Module] Threading Mode: Multi-Threaded
Refreshing native plugins compatible for Editor in 63.44 ms, found 12 plugins.
Preloading 0 native plugins for Editor in 0.00 ms.
Initialize engine version: 6000.2.12f1 (e89d5df0e333)
[Subsystems] Discovering subsystems at path C:/Program Files/Unity/Hub/Editor/6000.2.12f1/Editor/Data/Resources/UnitySubsystems
[Subsystems] Discovering subsystems at path D:/Users/Latasha/Desktop/COMP 6710/vr/Assets
GfxDevice: creating device client; kGfxThreadingModeNonThreaded
Direct3D:
    Version:  Direct3D 11.0 [level 11.1]
    Renderer: NVIDIA GeForce RTX 2060 (ID=0x1f11)
    Vendor:   NVIDIA
    VRAM:     5968 MB
    Driver:   31.0.15.3209
Initialize mono
Mono path[0] = 'C:/Program Files/Unity/Hub/Editor/6000.2.12f1/Editor/Data/Managed'
Mono path[1] = 'C:/Program Files/Unity/Hub/Editor/6000.2.12f1/Editor/Data/MonoBleedingEdge/lib/mono/unityjit-win32'
Mono config path = 'C:/Program Files/Unity/Hub/Editor/6000.2.12f1/Editor/Data/MonoBleedingEdge/etc'
Using monoOptions --debugger-agent=transport=dt_socket,embedding=1,server=y,suspend=n,address=127.0.0.1:56464
Begin MonoManager ReloadAssembly
Registering precompiled unity dll's ...
Register platform support module: C:/Program Files/Unity/Hub/Editor/6000.2.12f1/Editor/Data/PlaybackEngines/WindowsStandaloneSupport/UnityEditor.WindowsStandalone.Extensions.dll
[Licensing::Module] Licensing is not yet initialized.
[Licensing::Client] Error: HandshakeResponse reported an error:
	ResponseCode: 505
	ResponseStatus: Unsupported protocol version '1.17.4'.
[Licensing::Module] Error: Failed to handshake to channel: "LicenseClient-Latasha"
[Licensing::IpcConnector] LicenseClient-Latasha channel disconnected successfully.
[Licensing::IpcConnector] Successfully connected to: "LicenseClient-Latasha-6000.2.12" at "2025-11-17T02:50:17.2931262Z"
[Licensing::Client] Handshaking with LicensingClient:
  Version:                 1.17.4+4293ba1
  Session Id:              d2d1903118534a58a52da0e71a0bc3ba
  Correlation Id:          6bf80f4a4298365da431cb9778f5ee78
  External correlation Id: 4708970682099885709
  Machine Id:              hE4ccZCVzNB4QLWxfCwuIP6SY4k=
[Licensing::Module] Successfully connected to LicensingClient on channel: "LicenseClient-Latasha-6000.2.12" (connect: 0.00s, validation: 0.01s, handshake: 2.65s)
[Licensing::IpcConnector] Successfully connected to: "LicenseClient-Latasha-6000.2.12-notifications" at "2025-11-17T02:50:19.9542674Z"
[Licensing::Module] Licensing Background thread has ended after 5.89s
[Licensing::Module] Licensing is initialized (took 3.72s).
[Licensing::Client] Successfully resolved entitlement details
[Licensing::Module] License group:
  Id: F4-M3XB-4QZE-38CJ-H7DD-XXXX
  Product: Unity Personal
  Type: ULF
  Expiration: Unlimited
[Licensing::Module] License group:
  Id: 2474236781743-UnityPersXXXX
  Product: Unity Personal
  Type: Assigned
  Expiration: Unlimited
Register platform support module: C:/Program Files/Unity/Hub/Editor/6000.2.12f1/Editor/Data/PlaybackEngines/AndroidPlayer/UnityEditor.Android.Extensions.dll
Registered in 3.752727 seconds.
- Loaded All Assemblies, in  4.603 seconds
Native extension for Android target not found
Android Extension - Scanning For ADB Devices 1188 ms
Native extension for WindowsStandalone target not found
Mono: successfully reloaded assembly
- Finished resetting the current domain, in  1.951 seconds
Domain Reload Profiling: 6546ms
	BeginReloadAssembly (326ms)
		ExecutionOrderSort (0ms)
		DisableScriptedObjects (0ms)
		BackupInstance (0ms)
		ReleaseScriptingObjects (0ms)
		CreateAndSetChildDomain (1ms)
	RebuildCommonClasses (80ms)
	RebuildNativeTypeToScriptingClass (26ms)
	initialDomainReloadingComplete (3844ms)
	LoadAllAssembliesAndSetupDomain (319ms)
		LoadAssemblies (317ms)
		RebuildTransferFunctionScriptingTraits (0ms)
		AnalyzeDomain (312ms)
			TypeCache.Refresh (308ms)
				TypeCache.ScanAssembly (281ms)
			BuildScriptInfoCaches (0ms)
			ResolveRequiredComponents (2ms)
	FinalizeReload (1952ms)
		ReleaseScriptCaches (0ms)
		RebuildScriptCaches (0ms)
		SetupLoadedEditorAssemblies (1868ms)
			LogAssemblyErrors (0ms)
			InitializePlatformSupportModulesInManaged (1375ms)
			SetLoadedEditorAssemblies (7ms)
			BeforeProcessingInitializeOnLoad (133ms)
			ProcessInitializeOnLoadAttributes (230ms)
			ProcessInitializeOnLoadMethodAttributes (124ms)
			AfterProcessingInitializeOnLoad (0ms)
			EditorAssembliesLoaded (0ms)
		ExecutionOrderSort2 (0ms)
		AwakeInstancesAfterBackupRestoration (0ms)
========================================================================
Worker process is ready to serve import requests
Import Worker Mode flag is 0x00
Begin MonoManager ReloadAssembly
[Licensing::Client] Successfully resolved entitlement details
[Licensing::Module] License group:
  Id: F4-M3XB-4QZE-38CJ-H7DD-XXXX
  Product: Unity Personal
  Type: ULF
  Expiration: Unlimited
[Licensing::Module] License group:
  Id: 2474236781743-UnityPersXXXX
  Product: Unity Personal
  Type: Assigned
  Expiration: Unlimited
- Loaded All Assemblies, in  1.967 seconds
Refreshing native plugins compatible for Editor in 17.83 ms, found 12 plugins.
Native extension for Android target not found
Native extension for WindowsStandalone target not found
Package Manager log level set to [2]
[Package Manager] Failed to launch server process. Reason: Unity was launched with the -noUpm command-line argument
[Package Manager] Unable to send message (not connected to server process).
[Package Manager] Cannot connect to Unity Package Manager local server
Mono: successfully reloaded assembly
[Package Manager] Failed to launch server process. Reason: Unity was launched with the -noUpm command-line argument
[Package Manager] Unable to send message (not connected to server process).
[Package Manager] Cannot connect to Unity Package Manager local server
[Package Manager] Failed to launch server process. Reason: Unity was launched with the -noUpm command-line argument
[Package Manager] Unable to send message (not connected to server process).
[Package Manager] Cannot connect to Unity Package Manager local server
- Finished resetting the current domain, in  2.398 seconds
Domain Reload Profiling: 4355ms
	BeginReloadAssembly (383ms)
		ExecutionOrderSort (0ms)
		DisableScriptedObjects (11ms)
		BackupInstance (0ms)
		ReleaseScriptingObjects (0ms)
		CreateAndSetChildDomain (51ms)
	RebuildCommonClasses (64ms)
	RebuildNativeTypeToScriptingClass (23ms)
	initialDomainReloadingComplete (77ms)
	LoadAllAssembliesAndSetupDomain (1408ms)
		LoadAssemblies (1050ms)
		RebuildTransferFunctionScriptingTraits (0ms)
		AnalyzeDomain (570ms)
			TypeCache.Refresh (410ms)
				TypeCache.ScanAssembly (372ms)
			BuildScriptInfoCaches (122ms)
			ResolveRequiredComponents (30ms)
	FinalizeReload (2399ms)
		ReleaseScriptCaches (0ms)
		RebuildScriptCaches (0ms)
		SetupLoadedEditorAssemblies (1882ms)
			LogAssemblyErrors (0ms)
			InitializePlatformSupportModulesInManaged (17ms)
			SetLoadedEditorAssemblies (7ms)
			BeforeProcessingInitializeOnLoad (319ms)
			ProcessInitializeOnLoadAttributes (1296ms)
			ProcessInitializeOnLoadMethodAttributes (222ms)
			AfterProcessingInitializeOnLoad (21ms)
			EditorAssembliesLoaded (0ms)
		ExecutionOrderSort2 (0ms)
		AwakeInstancesAfterBackupRestoration (16ms)
Launched and connected shader compiler UnityShaderCompiler.exe after 0.06 seconds
Refreshing native plugins compatible for Editor in 30.20 ms, found 12 plugins.
Preloading 0 native plugins for Editor in 0.00 ms.
Unloading 13 Unused Serialized files (Serialized files now loaded: 0)
Unloading 7486 unused Assets / (6.6 MB). Loaded Objects now: 8253.
Memory consumption went from 162.5 MB to 155.9 MB.
Total: 26.949500 ms (FindLiveObjects: 2.119200 ms CreateObjectMapping: 2.376000 ms MarkObjects: 15.938700 ms  DeleteObjects: 6.481400 ms)

========================================================================
Received Import Request.
  Time since last request: 671324.919455 seconds.
  path: Assets/Ducogen/Counseling Room/Material/Wood 2.mat
  artifactKey: Guid(3d51cdf8decbbcc4fbfc83bfa00e84c8) Importer(815301076,1909f56bfc062723c751e8b465ee728b)
Start importing Assets/Ducogen/Counseling Room/Material/Wood 2.mat using Guid(3d51cdf8decbbcc4fbfc83bfa00e84c8) Importer(815301076,1909f56bfc062723c751e8b465ee728b) (PreviewImporter) -> (artifact id: 'a32dd2febafcc54e647ee0377b3587f9') in 1.3492832 seconds
Number of updated asset objects reloaded before import = 0Number of asset objects unloaded after import = 5

========================================================================
Received Import Request.
  Time since last request: 494.480894 seconds.
  path: Assets/Brick Project Studio/Apartment Kit/Scenes/Scene_02
  artifactKey: Guid(facf78a36d53dc7478df11e17088bb6d) Importer(2089858483,192608db42251d675da83286b1cce702)
Start importing Assets/Brick Project Studio/Apartment Kit/Scenes/Scene_02 using Guid(facf78a36d53dc7478df11e17088bb6d) Importer(2089858483,192608db42251d675da83286b1cce702) (ScriptedImporter) -> (artifact id: '3c79eee6c4a2e30ca511e34cc8a34a52') in 0.386271 seconds
Number of updated asset objects reloaded before import = 0Number of asset objects unloaded after import = 1

========================================================================
Received Import Request.
  Time since last request: 0.000135 seconds.
  path: Assets/Brick Project Studio/Apartment Kit/Scenes/Scene_02/ReflectionProbe-7.exr
  artifactKey: Guid(a90f8377ca6b3654fa711c0102298414) Importer(2089858483,192608db42251d675da83286b1cce702)
Start importing Assets/Brick Project Studio/Apartment Kit/Scenes/Scene_02/ReflectionProbe-7.exr using Guid(a90f8377ca6b3654fa711c0102298414) Importer(2089858483,192608db42251d675da83286b1cce702) (ScriptedImporter)[Licensing::Client] Successfully resolved entitlement details
[Licensing::Module] License group:
  Id: F4-M3XB-4QZE-38CJ-H7DD-XXXX
  Product: Unity Personal
  Type: ULF
  Expiration: Unlimited
[Licensing::Module] License group:
  Id: 2474236781743-UnityPersXXXX
  Product: Unity Personal
  Type: Assigned
  Expiration: Unlimited
 -> (artifact id: 'a63a73b497ca24caecd446579398f0c0') in 0.1724943 seconds
Number of updated asset objects reloaded before import = 0Number of asset objects unloaded after import = 1

========================================================================
Received Import Request.
  Time since last request: 0.000040 seconds.
  path: Assets/Fitness hall - interior and props/Models/Materials/border.mat
  artifactKey: Guid(879686f57ebe94749a2e825693fdc7f5) Importer(2089858483,192608db42251d675da83286b1cce702)
Start importing Assets/Fitness hall - interior and props/Models/Materials/border.mat using Guid(879686f57ebe94749a2e825693fdc7f5) Importer(2089858483,192608db42251d675da83286b1cce702) (ScriptedImporter) -> (artifact id: 'b284448b87541f6e86c363687283b346') in 0.0282331 seconds
Number of updated asset objects reloaded before import = 0Number of asset objects unloaded after import = 1

========================================================================
Received Import Request.
  Time since last request: 0.000046 seconds.
  path: Assets/Fitness hall - interior and props/Models/Prefab/fit_weight_1.prefab
  artifactKey: Guid(8fb918c5f3451ac42b387fd6a65a9b6e) Importer(2089858483,192608db42251d675da83286b1cce702)
Start importing Assets/Fitness hall - interior and props/Models/Prefab/fit_weight_1.prefab using Guid(8fb918c5f3451ac42b387fd6a65a9b6e) Importer(2089858483,192608db42251d675da83286b1cce702) (ScriptedImporter) -> (artifact id: 'e1c7fc14d6df0b43daa6d20f928ee717') in 0.1006636 seconds
Number of updated asset objects reloaded before import = 0Number of asset objects unloaded after import = 9

========================================================================
Received Import Request.
  Time since last request: 0.000038 seconds.
  path: Assets/Fitness hall - interior and props/Models/Materials
  artifactKey: Guid(71d01d7c4c44f0049bed9aafe9ea6ff4) Importer(2089858483,192608db42251d675da83286b1cce702)
Start importing Assets/Fitness hall - interior and props/Models/Materials using Guid(71d01d7c4c44f0049bed9aafe9ea6ff4) Importer(2089858483,192608db42251d675da83286b1cce702) (ScriptedImporter) -> (artifact id: '72c02995ff7ef4dcf34f8cdc718045ee') in 0.0094492 seconds
Number of updated asset objects reloaded before import = 0Number of asset objects unloaded after import = 1

========================================================================
Received Import Request.
  Time since last request: 0.000060 seconds.
  path: Assets/Brick Project Studio/Apartment Kit/Common/Materials/Misc/Controller Screen_02.mat
  artifactKey: Guid(83b00c8a16e3e6748806636bd5f3c6e4) Importer(2089858483,192608db42251d675da83286b1cce702)
Start importing Assets/Brick Project Studio/Apartment Kit/Common/Materials/Misc/Controller Screen_02.mat using Guid(83b00c8a16e3e6748806636bd5f3c6e4) Importer(2089858483,192608db42251d675da83286b1cce702) (ScriptedImporter) -> (artifact id: '8ee3e350f136458d38292f78f1f257d9') in 0.0236606 seconds
Number of updated asset objects reloaded before import = 0Number of asset objects unloaded after import = 2

========================================================================
Received Import Request.
  Time since last request: 0.000029 seconds.
  path: Assets/Fitness hall - interior and props/Models/Textures/metal_tex_AlbedoTransparency.png
  artifactKey: Guid(a0397f921540ccf44b42ee21e1964b12) Importer(2089858483,192608db42251d675da83286b1cce702)
Start importing Assets/Fitness hall - interior and props/Models/Textures/metal_tex_AlbedoTransparency.png using Guid(a0397f921540ccf44b42ee21e1964b12) Importer(2089858483,192608db42251d675da83286b1cce702) (ScriptedImporter) -> (artifact id: 'e398219eb0f2f59d0577953474ae84e4') in 0.0557923 seconds
Number of updated asset objects reloaded before import = 0Number of asset objects unloaded after import = 1

========================================================================
Received Import Request.
  Time since last request: 0.000048 seconds.
  path: Assets/Brick Project Studio/Apartment Kit/Common/Materials/Misc/DoorMat_01.mat
  artifactKey: Guid(cca629179fca3a14ab08d0f1cc0ecce3) Importer(2089858483,192608db42251d675da83286b1cce702)
Start importing Assets/Brick Project Studio/Apartment Kit/Common/Materials/Misc/DoorMat_01.mat using Guid(cca629179fca3a14ab08d0f1cc0ecce3) Importer(2089858483,192608db42251d675da83286b1cce702) (ScriptedImporter) -> (artifact id: '5c5128a0f0ada6243dd1e03803d58d9e') in 0.0366392 seconds
Number of updated asset objects reloaded before import = 0Number of asset objects unloaded after import = 3

========================================================================
Received Import Request.
  Time since last request: 0.000053 seconds.
  path: Assets/Brick Project Studio/Apartment Kit/Scenes/Scene_02/ReflectionProbe-6.exr
  artifactKey: Guid(f36d8d5b4a737aa4e811fd52d3e879bb) Importer(2089858483,192608db42251d675da83286b1cce702)
Start importing Assets/Brick Project Studio/Apartment Kit/Scenes/Scene_02/ReflectionProbe-6.exr using Guid(f36d8d5b4a737aa4e811fd52d3e879bb) Importer(2089858483,192608db42251d675da83286b1cce702) (ScriptedImporter) -> (artifact id: '4f7ff4ddb9d25945a12f9d080dc88a4b') in 0.0449336 seconds
Number of updated asset objects reloaded before import = 0Number of asset objects unloaded after import = 1

========================================================================
Received Import Request.
  Time since last request: 0.000042 seconds.
  path: Assets/Fitness hall - interior and props/Models/Textures/Concrete_tex_AlbedoTransparency.png
  artifactKey: Guid(aa01693948b64c94fa42750523a80aa8) Importer(2089858483,192608db42251d675da83286b1cce702)
Start importing Assets/Fitness hall - interior and props/Models/Textures/Concrete_tex_AlbedoTransparency.png using Guid(aa01693948b64c94fa42750523a80aa8) Importer(2089858483,192608db42251d675da83286b1cce702) (ScriptedImporter) -> (artifact id: '255674ca9061127259d794c7fd8abdfc') in 0.0301318 seconds
Number of updated asset objects reloaded before import = 0Number of asset objects unloaded after import = 1

========================================================================
Received Import Request.
  Time since last request: 0.000054 seconds.
  path: Assets/Fitness hall - interior and props/Scenes/UniversalRenderPipelineAsset.asset
  artifactKey: Guid(b0e6a2a38b8713b48a85466e407f34c4) Importer(2089858483,192608db42251d675da83286b1cce702)
Start importing Assets/Fitness hall - interior and props/Scenes/UniversalRenderPipelineAsset.asset using Guid(b0e6a2a38b8713b48a85466e407f34c4) Importer(2089858483,192608db42251d675da83286b1cce702) (ScriptedImporter) -> (artifact id: '42f58dc57ad049eb4befe5f840fc8d1b') in 0.2236969 seconds
Number of updated asset objects reloaded before import = 0Number of asset objects unloaded after import = 2

========================================================================
Received Import Request.
  Time since last request: 0.000031 seconds.
  path: Assets/Fitness hall - interior and props/Models/Textures/Concrete_tex_MetallicSmoothness.png
  artifactKey: Guid(1c1b53ccdb72f7c45a1df1e0defda590) Importer(2089858483,192608db42251d675da83286b1cce702)
Start importing Assets/Fitness hall - interior and props/Models/Textures/Concrete_tex_MetallicSmoothness.png using Guid(1c1b53ccdb72f7c45a1df1e0defda590) Importer(2089858483,192608db42251d675da83286b1cce702) (ScriptedImporter) -> (artifact id: 'cc221c1e03b5d8fdcf27bf12c7373758') in 0.0693686 seconds
Number of updated asset objects reloaded before import = 0Number of asset objects unloaded after import = 1

========================================================================
Received Import Request.
  Time since last request: 0.000052 seconds.
  path: Assets/Fitness hall - interior and props/Models/Textures/wall_7_diffuse.png
  artifactKey: Guid(ff3ff5058fda5fc4fa8630ad61bac46c) Importer(2089858483,192608db42251d675da83286b1cce702)
Start importing Assets/Fitness hall - interior and props/Models/Textures/wall_7_diffuse.png using Guid(ff3ff5058fda5fc4fa8630ad61bac46c) Importer(2089858483,192608db42251d675da83286b1cce702) (ScriptedImporter) -> (artifact id: '611d980154f760d4ddae31c41b61b26f') in 0.0515056 seconds
Number of updated asset objects reloaded before import = 0Number of asset objects unloaded after import = 1

========================================================================
Received Import Request.
  Time since last request: 0.000037 seconds.
  path: Assets/Fitness hall - interior and props
  artifactKey: Guid(1ee2080775b9e964199e58edc092096f) Importer(2089858483,192608db42251d675da83286b1cce702)
Start importing Assets/Fitness hall - interior and props using Guid(1ee2080775b9e964199e58edc092096f) Importer(2089858483,192608db42251d675da83286b1cce702) (ScriptedImporter) -> (artifact id: '21234873d2d65b8fc488748285cb701b') in 0.0096039 seconds
Number of updated asset objects reloaded before import = 0Number of asset objects unloaded after import = 1

========================================================================
Received Import Request.
  Time since last request: 0.000041 seconds.
  path: Assets/Fitness hall - interior and props/Models/Textures/metal_tex_Normal.png
  artifactKey: Guid(23f322db36f69d94088c983b08f35c4c) Importer(2089858483,192608db42251d675da83286b1cce702)
Start importing Assets/Fitness hall - interior and props/Models/Textures/metal_tex_Normal.png using Guid(23f322db36f69d94088c983b08f35c4c) Importer(2089858483,192608db42251d675da83286b1cce702) (ScriptedImporter) -> (artifact id: 'aa2b7ed6bf7696815a303d3a79f21d66') in 0.0450781 seconds
Number of updated asset objects reloaded before import = 0Number of asset objects unloaded after import = 1

========================================================================
Received Import Request.
  Time since last request: 0.000068 seconds.
  path: Assets/Fitness hall - interior and props/Scenes/Fitness hall - interior and props.unity
  artifactKey: Guid(e2da4c3feb65c054a9f6a8164f5f538a) Importer(2089858483,192608db42251d675da83286b1cce702)
Start importing Assets/Fitness hall - interior and props/Scenes/Fitness hall - interior and props.unity using Guid(e2da4c3feb65c054a9f6a8164f5f538a) Importer(2089858483,192608db42251d675da83286b1cce702) (ScriptedImporter) -> (artifact id: 'fe981481dd82d46cb10a17457afd0bea') in 0.0183171 seconds
Number of updated asset objects reloaded before import = 0Number of asset objects unloaded after import = 1

========================================================================
Received Import Request.
  Time since last request: 0.000031 seconds.
  path: Assets/Brick Project Studio/Apartment Kit/Common/Materials/Interior Exterior/Ext_Apt_01.mat
  artifactKey: Guid(05ab6237a2436a34bb31bebcb35225c8) Importer(2089858483,192608db42251d675da83286b1cce702)
Start importing Assets/Brick Project Studio/Apartment Kit/Common/Materials/Interior Exterior/Ext_Apt_01.mat using Guid(05ab6237a2436a34bb31bebcb35225c8) Importer(2089858483,192608db42251d675da83286b1cce702) (ScriptedImporter) -> (artifact id: '5c78ec14e4d6d2c632c0b8bcc1b2024b') in 0.2316782 seconds
Number of updated asset objects reloaded before import = 0Number of asset objects unloaded after import = 3

========================================================================
Received Import Request.
  Time since last request: 0.000042 seconds.
  path: Assets/Fitness hall - interior and props/Models/Materials/Concrete.mat
  artifactKey: Guid(5d742d67c7a87ed4ea4e345023ba6ce7) Importer(2089858483,192608db42251d675da83286b1cce702)
Start importing Assets/Fitness hall - interior and props/Models/Materials/Concrete.mat using Guid(5d742d67c7a87ed4ea4e345023ba6ce7) Importer(2089858483,192608db42251d675da83286b1cce702) (ScriptedImporter) -> (artifact id: 'b1e1f499e6a66ffd86a87f61294a94b9') in 0.0404407 seconds
Number of updated asset objects reloaded before import = 0Number of asset objects unloaded after import = 4

========================================================================
Received Import Request.
  Time since last request: 0.000042 seconds.
  path: Assets/Brick Project Studio/Apartment Kit/Scenes/Scene_02/ReflectionProbe-2.exr
  artifactKey: Guid(8aa5b2feedda365469dbff9cb0b71c16) Importer(2089858483,192608db42251d675da83286b1cce702)
Start importing Assets/Brick Project Studio/Apartment Kit/Scenes/Scene_02/ReflectionProbe-2.exr using Guid(8aa5b2feedda365469dbff9cb0b71c16) Importer(2089858483,192608db42251d675da83286b1cce702) (ScriptedImporter) -> (artifact id: '5bbbc30bca235a5d01a7f620534893d7') in 0.0188873 seconds
Number of updated asset objects reloaded before import = 0Number of asset objects unloaded after import = 1

========================================================================
Received Import Request.
  Time since last request: 0.000024 seconds.
  path: Assets/Fitness hall - interior and props/Models/Prefab/room.prefab
  artifactKey: Guid(fdc011a14eb881b4ebdab15c6ff5333b) Importer(2089858483,192608db42251d675da83286b1cce702)
Start importing Assets/Fitness hall - interior and props/Models/Prefab/room.prefab using Guid(fdc011a14eb881b4ebdab15c6ff5333b) Importer(2089858483,192608db42251d675da83286b1cce702) (ScriptedImporter) -> (artifact id: '0d223391a60df5dc9a7be13848f6b54b') in 0.0262768 seconds
Number of updated asset objects reloaded before import = 0Number of asset objects unloaded after import = 163

========================================================================
Received Import Request.
  Time since last request: 0.000031 seconds.
  path: Assets/Fitness hall - interior and props/Models/Prefab/lattice.prefab
  artifactKey: Guid(b114d37a959882b49890394c509328c4) Importer(2089858483,192608db42251d675da83286b1cce702)
Start importing Assets/Fitness hall - interior and props/Models/Prefab/lattice.prefab using Guid(b114d37a959882b49890394c509328c4) Importer(2089858483,192608db42251d675da83286b1cce702) (ScriptedImporter) -> (artifact id: '18be59520e0195af085589f52d10e8fe') in 0.0246977 seconds
Number of updated asset objects reloaded before import = 0Number of asset objects unloaded after import = 9

========================================================================
Received Import Request.
  Time since last request: 0.000045 seconds.
  path: Assets/Fitness hall - interior and props/Models/Prefab/mirror_small_1.prefab
  artifactKey: Guid(d51e8d7bbdc76534c9a7473e7a9af2bc) Importer(2089858483,192608db42251d675da83286b1cce702)
Start importing Assets/Fitness hall - interior and props/Models/Prefab/mirror_small_1.prefab using Guid(d51e8d7bbdc76534c9a7473e7a9af2bc) Importer(2089858483,192608db42251d675da83286b1cce702) (ScriptedImporter) -> (artifact id: 'c48a969f8adfbe60b067754075fb57f0') in 0.0297501 seconds
Number of updated asset objects reloaded before import = 0Number of asset objects unloaded after import = 10

========================================================================
Received Import Request.
  Time since last request: 0.000033 seconds.
  path: Assets/Fitness hall - interior and props/Models/Materials/Brick.mat
  artifactKey: Guid(7bde95a51f356914ab0bbd25a0663ff2) Importer(2089858483,192608db42251d675da83286b1cce702)
Start importing Assets/Fitness hall - interior and props/Models/Materials/Brick.mat using Guid(7bde95a51f356914ab0bbd25a0663ff2) Importer(2089858483,192608db42251d675da83286b1cce702) (ScriptedImporter) -> (artifact id: 'd358154147565684f2cc1344993dfe45') in 0.0407606 seconds
Number of updated asset objects reloaded before import = 0Number of asset objects unloaded after import = 4

========================================================================
Received Import Request.
  Time since last request: 0.000043 seconds.
  path: Assets/Brick Project Studio/Apartment Kit/Common/Materials/Surface/Ebony Wood.mat
  artifactKey: Guid(5af27c19293d0ff4cb00b35cc2189634) Importer(2089858483,192608db42251d675da83286b1cce702)
Start importing Assets/Brick Project Studio/Apartment Kit/Common/Materials/Surface/Ebony Wood.mat using Guid(5af27c19293d0ff4cb00b35cc2189634) Importer(2089858483,192608db42251d675da83286b1cce702) (ScriptedImporter) -> (artifact id: '977aa77908128dc94da9b184400b93cf') in 0.0845027 seconds
Number of updated asset objects reloaded before import = 0Number of asset objects unloaded after import = 4

========================================================================
Received Import Request.
  Time since last request: 0.000053 seconds.
  path: Assets/Fitness hall - interior and props/Models/Textures/Roof_tex_Normal.png
  artifactKey: Guid(673fe7637ed0d6e42a24fa29d4b120fd) Importer(2089858483,192608db42251d675da83286b1cce702)
Start importing Assets/Fitness hall - interior and props/Models/Textures/Roof_tex_Normal.png using Guid(673fe7637ed0d6e42a24fa29d4b120fd) Importer(2089858483,192608db42251d675da83286b1cce702) (ScriptedImporter) -> (artifact id: '26eb6f28ff3803b1fe577f39c975609d') in 0.0511014 seconds
Number of updated asset objects reloaded before import = 0Number of asset objects unloaded after import = 1

========================================================================
Received Import Request.
  Time since last request: 0.000038 seconds.
  path: Assets/Fitness hall - interior and props/Models/Prefab/lamp.prefab
  artifactKey: Guid(6ba6626c29ff87d43b32a92420f83cd2) Importer(2089858483,192608db42251d675da83286b1cce702)
Start importing Assets/Fitness hall - interior and props/Models/Prefab/lamp.prefab using Guid(6ba6626c29ff87d43b32a92420f83cd2) Importer(2089858483,192608db42251d675da83286b1cce702) (ScriptedImporter) -> (artifact id: '0a488c270cad7be518768a0a0fab7a10') in 0.039631 seconds
Number of updated asset objects reloaded before import = 0Number of asset objects unloaded after import = 10

========================================================================
Received Import Request.
  Time since last request: 0.000044 seconds.
  path: Assets/Fitness hall - interior and props/Models/Materials/post.mat
  artifactKey: Guid(9f3de459adebaa04691fd6d5f67177f6) Importer(2089858483,192608db42251d675da83286b1cce702)
Start importing Assets/Fitness hall - interior and props/Models/Materials/post.mat using Guid(9f3de459adebaa04691fd6d5f67177f6) Importer(2089858483,192608db42251d675da83286b1cce702) (ScriptedImporter) -> (artifact id: '379e72a315643fef40725084bffd0c77') in 0.0359322 seconds
Number of updated asset objects reloaded before import = 0Number of asset objects unloaded after import = 3

========================================================================
Received Import Request.
  Time since last request: 0.000072 seconds.
  path: Assets/Fitness hall - interior and props/Models/Prefab/fit_staper.prefab
  artifactKey: Guid(6b47baa63119de148969448e7e34f56b) Importer(2089858483,192608db42251d675da83286b1cce702)
Start importing Assets/Fitness hall - interior and props/Models/Prefab/fit_staper.prefab using Guid(6b47baa63119de148969448e7e34f56b) Importer(2089858483,192608db42251d675da83286b1cce702) (ScriptedImporter) -> (artifact id: 'fe1f7483b554ed3794315a2307cebdf9') in 0.0577358 seconds
Number of updated asset objects reloaded before import = 0Number of asset objects unloaded after import = 9

========================================================================
Received Import Request.
  Time since last request: 0.000057 seconds.
  path: Assets/Fitness hall - interior and props/Scenes/UniversalRenderPipelineAsset_Renderer.asset
  artifactKey: Guid(3a6f52b18118a6b4da801492839839c3) Importer(2089858483,192608db42251d675da83286b1cce702)
Start importing Assets/Fitness hall - interior and props/Scenes/UniversalRenderPipelineAsset_Renderer.asset using Guid(3a6f52b18118a6b4da801492839839c3) Importer(2089858483,192608db42251d675da83286b1cce702) (ScriptedImporter) -> (artifact id: '59a78c470b7748fc23e3aedfd73eb5b7') in 0.1154251 seconds
Number of updated asset objects reloaded before import = 0Number of asset objects unloaded after import = 1

========================================================================
Received Import Request.
  Time since last request: 0.000168 seconds.
  path: Assets/Fitness hall - interior and props/Models/Textures/fit_props_tex_MetallicSmoothness.png
  artifactKey: Guid(56eace622cf1d6149bc3f2bec02f4426) Importer(2089858483,192608db42251d675da83286b1cce702)
Start importing Assets/Fitness hall - interior and props/Models/Textures/fit_props_tex_MetallicSmoothness.png using Guid(56eace622cf1d6149bc3f2bec02f4426) Importer(2089858483,192608db42251d675da83286b1cce702) (ScriptedImporter) -> (artifact id: '30cc2adcbb0d10a2a70972be7ae16fbc') in 0.0562069 seconds
Number of updated asset objects reloaded before import = 0Number of asset objects unloaded after import = 1

========================================================================
Received Import Request.
  Time since last request: 4.109743 seconds.
  path: Assets/Brick Project Studio/Apartment Kit/Scenes/Scene_02/ReflectionProbe-4.exr
  artifactKey: Guid(58610820cdff12743ab3f78020a357df) Importer(2089858483,192608db42251d675da83286b1cce702)
Start importing Assets/Brick Project Studio/Apartment Kit/Scenes/Scene_02/ReflectionProbe-4.exr using Guid(58610820cdff12743ab3f78020a357df) Importer(2089858483,192608db42251d675da83286b1cce702) (ScriptedImporter) -> (artifact id: '45f801e92233baea469b18381b04252f') in 0.03011 seconds
Number of updated asset objects reloaded before import = 0Number of asset objects unloaded after import = 1

========================================================================
Received Import Request.
  Time since last request: 0.000050 seconds.
  path: Assets/Fitness hall - interior and props/Models/Materials/window.mat
  artifactKey: Guid(d2ec33cacdaf4a14ba411bf1dcdef56a) Importer(2089858483,192608db42251d675da83286b1cce702)
Start importing Assets/Fitness hall - interior and props/Models/Materials/window.mat using Guid(d2ec33cacdaf4a14ba411bf1dcdef56a) Importer(2089858483,192608db42251d675da83286b1cce702) (ScriptedImporter) -> (artifact id: '7844191afd5d225fae84097c7555e55f') in 0.0441028 seconds
Number of updated asset objects reloaded before import = 0Number of asset objects unloaded after import = 4

========================================================================
Received Import Request.
  Time since last request: 0.000048 seconds.
  path: Assets/Fitness hall - interior and props/Models/Textures/wall_7_Normal.png
  artifactKey: Guid(75239062a6302a54f803128670895439) Importer(2089858483,192608db42251d675da83286b1cce702)
Start importing Assets/Fitness hall - interior and props/Models/Textures/wall_7_Normal.png using Guid(75239062a6302a54f803128670895439) Importer(2089858483,192608db42251d675da83286b1cce702) (ScriptedImporter) -> (artifact id: '7077be2406814f81fcf6cbd142c23a46') in 0.0378665 seconds
Number of updated asset objects reloaded before import = 0Number of asset objects unloaded after import = 1

========================================================================
Received Import Request.
  Time since last request: 0.000041 seconds.
  path: Assets/Fitness hall - interior and props/Models/Materials/metal.mat
  artifactKey: Guid(c8425603cc756a2468be9d56ce7590fc) Importer(2089858483,192608db42251d675da83286b1cce702)
Start importing Assets/Fitness hall - interior and props/Models/Materials/metal.mat using Guid(c8425603cc756a2468be9d56ce7590fc) Importer(2089858483,192608db42251d675da83286b1cce702) (ScriptedImporter) -> (artifact id: '4badd0dd86971577cad9a330ccb98470') in 0.0584417 seconds
Number of updated asset objects reloaded before import = 0Number of asset objects unloaded after import = 4

========================================================================
Received Import Request.
  Time since last request: 0.000037 seconds.
  path: Assets/Fitness hall - interior and props/Models/Prefab/fit_ball_jump.prefab
  artifactKey: Guid(ac49d7d6e015f9642b558242b687e08d) Importer(2089858483,192608db42251d675da83286b1cce702)
Start importing Assets/Fitness hall - interior and props/Models/Prefab/fit_ball_jump.prefab using Guid(ac49d7d6e015f9642b558242b687e08d) Importer(2089858483,192608db42251d675da83286b1cce702) (ScriptedImporter) -> (artifact id: 'a5d7419ef88f26642e5c5d01ae220f71') in 0.0433426 seconds
Number of updated asset objects reloaded before import = 0Number of asset objects unloaded after import = 9

========================================================================
Received Import Request.
  Time since last request: 0.000060 seconds.
  path: Assets/Brick Project Studio/Apartment Kit/Common/Materials/Misc/ControlPanel.mat
  artifactKey: Guid(bf99784c0118e114c80ad5c8ca2a5b8d) Importer(2089858483,192608db42251d675da83286b1cce702)
Start importing Assets/Brick Project Studio/Apartment Kit/Common/Materials/Misc/ControlPanel.mat using Guid(bf99784c0118e114c80ad5c8ca2a5b8d) Importer(2089858483,192608db42251d675da83286b1cce702) (ScriptedImporter) -> (artifact id: 'c481d08687210db6ef339cae435e384c') in 0.0306107 seconds
Number of updated asset objects reloaded before import = 0Number of asset objects unloaded after import = 2

========================================================================
Received Import Request.
  Time since last request: 0.000037 seconds.
  path: Assets/Brick Project Studio/Apartment Kit/Common/Materials/Surface/Fabric_01_White.mat
  artifactKey: Guid(7f1d2f122bc99854b95672cfb7d080fa) Importer(2089858483,192608db42251d675da83286b1cce702)
Start importing Assets/Brick Project Studio/Apartment Kit/Common/Materials/Surface/Fabric_01_White.mat using Guid(7f1d2f122bc99854b95672cfb7d080fa) Importer(2089858483,192608db42251d675da83286b1cce702) (ScriptedImporter) -> (artifact id: '3c526af840c2d769fae932a86ff416bc') in 0.0295863 seconds
Number of updated asset objects reloaded before import = 0Number of asset objects unloaded after import = 5

========================================================================
Received Import Request.
  Time since last request: 0.000048 seconds.
  path: Assets/Fitness hall - interior and props/Models/Prefab/fit_cover.prefab
  artifactKey: Guid(bfd30444609fe3543be781e956b7d544) Importer(2089858483,192608db42251d675da83286b1cce702)
Start importing Assets/Fitness hall - interior and props/Models/Prefab/fit_cover.prefab using Guid(bfd30444609fe3543be781e956b7d544) Importer(2089858483,192608db42251d675da83286b1cce702) (ScriptedImporter) -> (artifact id: '83af8e2b33528d98c378146a74fcb798') in 0.0459407 seconds
Number of updated asset objects reloaded before import = 0Number of asset objects unloaded after import = 9

========================================================================
Received Import Request.
  Time since last request: 0.000047 seconds.
  path: Assets/Brick Project Studio/Apartment Kit/Common/Materials/Surface/Porcelain_01.mat
  artifactKey: Guid(460d4e0c91ed8c5439e09b9b3b47c398) Importer(2089858483,192608db42251d675da83286b1cce702)
Start importing Assets/Brick Project Studio/Apartment Kit/Common/Materials/Surface/Porcelain_01.mat using Guid(460d4e0c91ed8c5439e09b9b3b47c398) Importer(2089858483,192608db42251d675da83286b1cce702) (ScriptedImporter) -> (artifact id: 'c5a28b7d1da04c2a2d4dc72f9013e1d1') in 0.0266846 seconds
Number of updated asset objects reloaded before import = 0Number of asset objects unloaded after import = 4

========================================================================
Received Import Request.
  Time since last request: 0.000034 seconds.
  path: Assets/Fitness hall - interior and props/Models/Textures/Roof_tex_MetallicSmoothness.png
  artifactKey: Guid(315e9b8dd7cd2ef44b2d18946a01079e) Importer(2089858483,192608db42251d675da83286b1cce702)
Start importing Assets/Fitness hall - interior and props/Models/Textures/Roof_tex_MetallicSmoothness.png using Guid(315e9b8dd7cd2ef44b2d18946a01079e) Importer(2089858483,192608db42251d675da83286b1cce702) (ScriptedImporter) -> (artifact id: '6990e63ddb6a1f8882cb1bdcbe772e08') in 0.0317981 seconds
Number of updated asset objects reloaded before import = 0Number of asset objects unloaded after import = 1

========================================================================
Received Import Request.
  Time since last request: 0.000034 seconds.
  path: Assets/Fitness hall - interior and props/Models/Textures/Mirror_tex_AlbedoTransparency.png
  artifactKey: Guid(ec36606fdb4ed734bbf4e5d534b01ab4) Importer(2089858483,192608db42251d675da83286b1cce702)
Start importing Assets/Fitness hall - interior and props/Models/Textures/Mirror_tex_AlbedoTransparency.png using Guid(ec36606fdb4ed734bbf4e5d534b01ab4) Importer(2089858483,192608db42251d675da83286b1cce702) (ScriptedImporter) -> (artifact id: '585124ac0d1db6b0424657f1185d5a14') in 0.028269 seconds
Number of updated asset objects reloaded before import = 0Number of asset objects unloaded after import = 1

========================================================================
Received Import Request.
  Time since last request: 0.000052 seconds.
  path: Assets/Fitness hall - interior and props/Models/Textures/floor_mat_15_AlbedoTransparency.png
  artifactKey: Guid(bce814ec471ccf844be976abdef170f9) Importer(2089858483,192608db42251d675da83286b1cce702)
Start importing Assets/Fitness hall - interior and props/Models/Textures/floor_mat_15_AlbedoTransparency.png using Guid(bce814ec471ccf844be976abdef170f9) Importer(2089858483,192608db42251d675da83286b1cce702) (ScriptedImporter) -> (artifact id: '7d5fbde1b31851c7bb85944786dc4185') in 0.0443293 seconds
Number of updated asset objects reloaded before import = 0Number of asset objects unloaded after import = 1

========================================================================
Received Import Request.
  Time since last request: 0.000040 seconds.
  path: Assets/Fitness hall - interior and props/Scenes/Fitness hall - interior and props/ReflectionProbe-0.exr
  artifactKey: Guid(688ff7d56aa569e4cab378fa201b35d5) Importer(2089858483,192608db42251d675da83286b1cce702)
Start importing Assets/Fitness hall - interior and props/Scenes/Fitness hall - interior and props/ReflectionProbe-0.exr using Guid(688ff7d56aa569e4cab378fa201b35d5) Importer(2089858483,192608db42251d675da83286b1cce702) (ScriptedImporter) -> (artifact id: '0879459a6b91430b2f403fd90f6968a7') in 0.0364359 seconds
Number of updated asset objects reloaded before import = 0Number of asset objects unloaded after import = 1

========================================================================
Received Import Request.
  Time since last request: 0.000074 seconds.
  path: Assets/Fitness hall - interior and props/Models/Textures/door_tex_Normal.png
  artifactKey: Guid(bba6b1d7ebd53754c874cbcc83221aaf) Importer(2089858483,192608db42251d675da83286b1cce702)
Start importing Assets/Fitness hall - interior and props/Models/Textures/door_tex_Normal.png using Guid(bba6b1d7ebd53754c874cbcc83221aaf) Importer(2089858483,192608db42251d675da83286b1cce702) (ScriptedImporter) -> (artifact id: '2df7a3c04204108a57e9c5c1c0984b1f') in 0.0583433 seconds
Number of updated asset objects reloaded before import = 0Number of asset objects unloaded after import = 1

========================================================================
Received Import Request.
  Time since last request: 0.000041 seconds.
  path: Assets/Fitness hall - interior and props/Models/Textures/Mirror_tex_MetallicSmoothness.png
  artifactKey: Guid(4480e4bc3b2b5994abc7e8f51820a6e2) Importer(2089858483,192608db42251d675da83286b1cce702)
Start importing Assets/Fitness hall - interior and props/Models/Textures/Mirror_tex_MetallicSmoothness.png using Guid(4480e4bc3b2b5994abc7e8f51820a6e2) Importer(2089858483,192608db42251d675da83286b1cce702) (ScriptedImporter) -> (artifact id: 'fd92db39179f70cccc25d025b2647dcf') in 0.2801356 seconds
Number of updated asset objects reloaded before import = 0Number of asset objects unloaded after import = 1

========================================================================
Received Import Request.
  Time since last request: 0.000061 seconds.
  path: Assets/Brick Project Studio/Apartment Kit/Common/Materials/Misc/Controller_01_A.mat
  artifactKey: Guid(89d75b733df5ca74d837222e4a8a1b46) Importer(2089858483,192608db42251d675da83286b1cce702)
Start importing Assets/Brick Project Studio/Apartment Kit/Common/Materials/Misc/Controller_01_A.mat using Guid(89d75b733df5ca74d837222e4a8a1b46) Importer(2089858483,192608db42251d675da83286b1cce702) (ScriptedImporter) -> (artifact id: '395b8c23419ae479ed79fbe2df27fdc5') in 0.0316486 seconds
Number of updated asset objects reloaded before import = 0Number of asset objects unloaded after import = 2

========================================================================
Received Import Request.
  Time since last request: 0.000036 seconds.
  path: Assets/Fitness hall - interior and props/Models/Textures/door_tex_MetallicSmoothness.png
  artifactKey: Guid(be919f555de510446b9752b4111885c8) Importer(2089858483,192608db42251d675da83286b1cce702)
Start importing Assets/Fitness hall - interior and props/Models/Textures/door_tex_MetallicSmoothness.png using Guid(be919f555de510446b9752b4111885c8) Importer(2089858483,192608db42251d675da83286b1cce702) (ScriptedImporter) -> (artifact id: 'e725afe17f1049e6c12e6626511aeef3') in 0.0297376 seconds
Number of updated asset objects reloaded before import = 0Number of asset objects unloaded after import = 1

========================================================================
Received Import Request.
  Time since last request: 0.000038 seconds.
  path: Assets/Fitness hall - interior and props/Models/door.fbx
  artifactKey: Guid(6a9475caa4d1c2242893d72bc8a6432e) Importer(2089858483,192608db42251d675da83286b1cce702)
Start importing Assets/Fitness hall - interior and props/Models/door.fbx using Guid(6a9475caa4d1c2242893d72bc8a6432e) Importer(2089858483,192608db42251d675da83286b1cce702) (ScriptedImporter) -> (artifact id: '739ddfb1058f158831ba52ce6b6dc8be') in 0.1665876 seconds
Number of updated asset objects reloaded before import = 0Number of asset objects unloaded after import = 14

========================================================================
Received Import Request.
  Time since last request: 0.000053 seconds.
  path: Assets/Brick Project Studio/Apartment Kit/Common/Materials/Surface/CounterTop_01.mat
  artifactKey: Guid(656eb32607aaaed4590ee8c05d00282f) Importer(2089858483,192608db42251d675da83286b1cce702)
Start importing Assets/Brick Project Studio/Apartment Kit/Common/Materials/Surface/CounterTop_01.mat using Guid(656eb32607aaaed4590ee8c05d00282f) Importer(2089858483,192608db42251d675da83286b1cce702) (ScriptedImporter) -> (artifact id: 'd5a7151e77fa24afb69cccb0e1883f05') in 0.0418753 seconds
Number of updated asset objects reloaded before import = 0Number of asset objects unloaded after import = 4

========================================================================
Received Import Request.
  Time since last request: 0.000028 seconds.
  path: Assets/Fitness hall - interior and props/Models/Textures/Roof_tex_AlbedoTransparency.png
  artifactKey: Guid(c66495e35db455a4ea265149b04c2b10) Importer(2089858483,192608db42251d675da83286b1cce702)
Start importing Assets/Fitness hall - interior and props/Models/Textures/Roof_tex_AlbedoTransparency.png using Guid(c66495e35db455a4ea265149b04c2b10) Importer(2089858483,192608db42251d675da83286b1cce702) (ScriptedImporter) -> (artifact id: 'eff8bf9455585726ffd40c3acf32c6bc') in 0.0267791 seconds
Number of updated asset objects reloaded before import = 0Number of asset objects unloaded after import = 1

========================================================================
Received Import Request.
  Time since last request: 0.000039 seconds.
  path: Assets/Fitness hall - interior and props/Models/window.fbx
  artifactKey: Guid(acb4e1ec4c734184e882daea71f88c70) Importer(2089858483,192608db42251d675da83286b1cce702)
Start importing Assets/Fitness hall - interior and props/Models/window.fbx using Guid(acb4e1ec4c734184e882daea71f88c70) Importer(2089858483,192608db42251d675da83286b1cce702) (ScriptedImporter) -> (artifact id: 'e9c7b71e237be7560820bab22b6abda5') in 0.0335302 seconds
Number of updated asset objects reloaded before import = 0Number of asset objects unloaded after import = 14

========================================================================
Received Import Request.
  Time since last request: 0.000041 seconds.
  path: Assets/Fitness hall - interior and props/Models/Textures/Brick_tex_Normal.png
  artifactKey: Guid(53b87ec8d287a1548a38f5a332f1a105) Importer(2089858483,192608db42251d675da83286b1cce702)
Start importing Assets/Fitness hall - interior and props/Models/Textures/Brick_tex_Normal.png using Guid(53b87ec8d287a1548a38f5a332f1a105) Importer(2089858483,192608db42251d675da83286b1cce702) (ScriptedImporter) -> (artifact id: '02840216f390c007ca3fc50c71338d21') in 0.0213234 seconds
Number of updated asset objects reloaded before import = 0Number of asset objects unloaded after import = 1

========================================================================
Received Import Request.
  Time since last request: 0.000033 seconds.
  path: Assets/Fitness hall - interior and props/Models/Textures/fit_props_tex_Normal.png
  artifactKey: Guid(7f0f96d593a40ef43aed2917a587348b) Importer(2089858483,192608db42251d675da83286b1cce702)
Start importing Assets/Fitness hall - interior and props/Models/Textures/fit_props_tex_Normal.png using Guid(7f0f96d593a40ef43aed2917a587348b) Importer(2089858483,192608db42251d675da83286b1cce702) (ScriptedImporter) -> (artifact id: 'ec3cce011d7ab8cdcae1c2e0df188a87') in 0.0292615 seconds
Number of updated asset objects reloaded before import = 0Number of asset objects unloaded after import = 1

========================================================================
Received Import Request.
  Time since last request: 0.000031 seconds.
  path: Assets/Fitness hall - interior and props/Models/Materials/door.mat
  artifactKey: Guid(44331fcfc4f353f4a846f4d2a29a5420) Importer(2089858483,192608db42251d675da83286b1cce702)
Start importing Assets/Fitness hall - interior and props/Models/Materials/door.mat using Guid(44331fcfc4f353f4a846f4d2a29a5420) Importer(2089858483,192608db42251d675da83286b1cce702) (ScriptedImporter) -> (artifact id: 'c00cb99305611fdf702c2d1424928d73') in 0.0411044 seconds
Number of updated asset objects reloaded before import = 0Number of asset objects unloaded after import = 4

========================================================================
Received Prepare
Begin MonoManager ReloadAssembly
[Licensing::Client] Successfully resolved entitlement details
[Licensing::Module] License group:
  Id: F4-M3XB-4QZE-38CJ-H7DD-XXXX
  Product: Unity Personal
  Type: ULF
  Expiration: Unlimited
[Licensing::Module] License group:
  Id: 2474236781743-UnityPersXXXX
  Product: Unity Personal
  Type: Assigned
  Expiration: Unlimited
- Loaded All Assemblies, in  9.337 seconds
Refreshing native plugins compatible for Editor in 29.06 ms, found 12 plugins.
Native extension for Android target not found
Native extension for WindowsStandalone target not found
[Package Manager] Failed to launch server process. Reason: Unity was launched with the -noUpm command-line argument
[Package Manager] Unable to send message (not connected to server process).
[Package Manager] Cannot connect to Unity Package Manager local server
Mono: successfully reloaded assembly
[Package Manager] Failed to launch server process. Reason: Unity was launched with the -noUpm command-line argument
[Package Manager] Unable to send message (not connected to server process).
[Package Manager] Cannot connect to Unity Package Manager local server
- Finished resetting the current domain, in  3.105 seconds
Domain Reload Profiling: 12538ms
	BeginReloadAssembly (5091ms)
		ExecutionOrderSort (15ms)
		DisableScriptedObjects (309ms)
		BackupInstance (0ms)
		ReleaseScriptingObjects (10ms)
		CreateAndSetChildDomain (1809ms)
	RebuildCommonClasses (171ms)
	RebuildNativeTypeToScriptingClass (56ms)
	initialDomainReloadingComplete (184ms)
	LoadAllAssembliesAndSetupDomain (3930ms)
		LoadAssemblies (3296ms)
		RebuildTransferFunctionScriptingTraits (0ms)
		AnalyzeDomain (1779ms)
			TypeCache.Refresh (115ms)
				TypeCache.ScanAssembly (21ms)
			BuildScriptInfoCaches (1522ms)
			ResolveRequiredComponents (80ms)
	FinalizeReload (3106ms)
		ReleaseScriptCaches (0ms)
		RebuildScriptCaches (0ms)
		SetupLoadedEditorAssemblies (2314ms)
			LogAssemblyErrors (0ms)
			InitializePlatformSupportModulesInManaged (41ms)
			SetLoadedEditorAssemblies (25ms)
			BeforeProcessingInitializeOnLoad (485ms)
			ProcessInitializeOnLoadAttributes (1383ms)
			ProcessInitializeOnLoadMethodAttributes (351ms)
			AfterProcessingInitializeOnLoad (29ms)
			EditorAssembliesLoaded (1ms)
		ExecutionOrderSort2 (0ms)
		AwakeInstancesAfterBackupRestoration (58ms)
Refreshing native plugins compatible for Editor in 31.76 ms, found 12 plugins.
Preloading 0 native plugins for Editor in 0.00 ms.
Unloading 13 Unused Serialized files (Serialized files now loaded: 0)
Unloading 7821 unused Assets / (5.1 MB). Loaded Objects now: 8528.
Memory consumption went from 230.0 MB to 224.9 MB.
Total: 34.231500 ms (FindLiveObjects: 1.841500 ms CreateObjectMapping: 3.778200 ms MarkObjects: 21.008500 ms  DeleteObjects: 7.597000 ms)

Prepare: number of updated asset objects reloaded= 0
========================================================================
Received Prepare
Begin MonoManager ReloadAssembly
- Loaded All Assemblies, in  2.972 seconds
Refreshing native plugins compatible for Editor in 33.25 ms, found 12 plugins.
Native extension for Android target not found
Native extension for WindowsStandalone target not found
[Package Manager] Failed to launch server process. Reason: Unity was launched with the -noUpm command-line argument
[Package Manager] Unable to send message (not connected to server process).
[Package Manager] Cannot connect to Unity Package Manager local server
Mono: successfully reloaded assembly
[Package Manager] Failed to launch server process. Reason: Unity was launched with the -noUpm command-line argument
[Package Manager] Unable to send message (not connected to server process).
[Package Manager] Cannot connect to Unity Package Manager local server
- Finished resetting the current domain, in  2.524 seconds
Domain Reload Profiling: 5488ms
	BeginReloadAssembly (896ms)
		ExecutionOrderSort (0ms)
		DisableScriptedObjects (19ms)
		BackupInstance (0ms)
		ReleaseScriptingObjects (0ms)
		CreateAndSetChildDomain (172ms)
	RebuildCommonClasses (198ms)
	RebuildNativeTypeToScriptingClass (131ms)
	initialDomainReloadingComplete (164ms)
	LoadAllAssembliesAndSetupDomain (1575ms)
		LoadAssemblies (1335ms)
		RebuildTransferFunctionScriptingTraits (0ms)
		AnalyzeDomain (597ms)
			TypeCache.Refresh (17ms)
				TypeCache.ScanAssembly (0ms)
			BuildScriptInfoCaches (529ms)
			ResolveRequiredComponents (40ms)
	FinalizeReload (2525ms)
		ReleaseScriptCaches (0ms)
		RebuildScriptCaches (0ms)
		SetupLoadedEditorAssemblies (1919ms)
			LogAssemblyErrors (0ms)
			InitializePlatformSupportModulesInManaged (34ms)
			SetLoadedEditorAssemblies (14ms)
			BeforeProcessingInitializeOnLoad (475ms)
			ProcessInitializeOnLoadAttributes (1079ms)
			ProcessInitializeOnLoadMethodAttributes (290ms)
			AfterProcessingInitializeOnLoad (27ms)
			EditorAssembliesLoaded (1ms)
		ExecutionOrderSort2 (0ms)
		AwakeInstancesAfterBackupRestoration (41ms)
Refreshing native plugins compatible for Editor in 26.29 ms, found 12 plugins.
Preloading 0 native plugins for Editor in 0.00 ms.
Unloading 13 Unused Serialized files (Serialized files now loaded: 0)
Unloading 7821 unused Assets / (5.1 MB). Loaded Objects now: 8531.
Memory consumption went from 276.3 MB to 271.2 MB.
Total: 22.221300 ms (FindLiveObjects: 1.609500 ms CreateObjectMapping: 2.714400 ms MarkObjects: 11.972700 ms  DeleteObjects: 5.922900 ms)

Prepare: number of updated asset objects reloaded= 0
========================================================================
Received Import Request.
  Time since last request: 7736.080918 seconds.
  path: Assets/Mat/DALLE 2025-11-16 22.56.06 - A serene, medically oriented virtual clinic environment designed to feel calm and reassuring. The space retains soft neutral tones and gentle lighting.webp
  artifactKey: Guid(3777c813f727a9841a04433bf030a0e3) Importer(2089858483,192608db42251d675da83286b1cce702)
Start importing Assets/Mat/DALLE 2025-11-16 22.56.06 - A serene, medically oriented virtual clinic environment designed to feel calm and reassuring. The space retains soft neutral tones and gentle lighting.webp using Guid(3777c813f727a9841a04433bf030a0e3) Importer(2089858483,192608db42251d675da83286b1cce702) (ScriptedImporter) -> (artifact id: '3a69e0e5f06322e8e3b460ea29f5c7fd') in 0.9083946 seconds
Number of updated asset objects reloaded before import = 0Number of asset objects unloaded after import = 1

========================================================================
Received Prepare
Refreshing native plugins compatible for Editor in 47.09 ms, found 12 plugins.
Preloading 0 native plugins for Editor in 0.00 ms.
Unloading 13 Unused Serialized files (Serialized files now loaded: 0)
Unloading 7598 unused Assets / (5.0 MB). Loaded Objects now: 8509.
Memory consumption went from 175.4 MB to 170.5 MB.
Total: 63.597900 ms (FindLiveObjects: 2.662600 ms CreateObjectMapping: 3.418900 ms MarkObjects: 51.706000 ms  DeleteObjects: 5.808000 ms)

Prepare: number of updated asset objects reloaded= 0
========================================================================
Received Prepare
Begin MonoManager ReloadAssembly
[Licensing::Client] Successfully resolved entitlement details
[Licensing::Module] License group:
  Id: F4-M3XB-4QZE-38CJ-H7DD-XXXX
  Product: Unity Personal
  Type: ULF
  Expiration: Unlimited
[Licensing::Module] License group:
  Id: 2474236781743-UnityPersXXXX
  Product: Unity Personal
  Type: Assigned
  Expiration: Unlimited
- Loaded All Assemblies, in  2.249 seconds
Refreshing native plugins compatible for Editor in 21.94 ms, found 12 plugins.
Native extension for Android target not found
Native extension for WindowsStandalone target not found
[Package Manager] Failed to launch server process. Reason: Unity was launched with the -noUpm command-line argument
[Package Manager] Unable to send message (not connected to server process).
[Package Manager] Cannot connect to Unity Package Manager local server
Mono: successfully reloaded assembly
[Package Manager] Failed to launch server process. Reason: Unity was launched with the -noUpm command-line argument
[Package Manager] Unable to send message (not connected to server process).
[Package Manager] Cannot connect to Unity Package Manager local server
- Finished resetting the current domain, in  2.293 seconds
Domain Reload Profiling: 4541ms
	BeginReloadAssembly (674ms)
		ExecutionOrderSort (0ms)
		DisableScriptedObjects (18ms)
		BackupInstance (0ms)
		ReleaseScriptingObjects (1ms)
		CreateAndSetChildDomain (220ms)
	RebuildCommonClasses (76ms)
	RebuildNativeTypeToScriptingClass (26ms)
	initialDomainReloadingComplete (65ms)
	LoadAllAssembliesAndSetupDomain (1406ms)
		LoadAssemblies (1139ms)
		RebuildTransferFunctionScriptingTraits (0ms)
		AnalyzeDomain (504ms)
			TypeCache.Refresh (36ms)
				TypeCache.ScanAssembly (1ms)
			BuildScriptInfoCaches (413ms)
			ResolveRequiredComponents (43ms)
	FinalizeReload (2294ms)
		ReleaseScriptCaches (0ms)
		RebuildScriptCaches (0ms)
		SetupLoadedEditorAssemblies (1694ms)
			LogAssemblyErrors (0ms)
			InitializePlatformSupportModulesInManaged (22ms)
			SetLoadedEditorAssemblies (15ms)
			BeforeProcessingInitializeOnLoad (327ms)
			ProcessInitializeOnLoadAttributes (1055ms)
			ProcessInitializeOnLoadMethodAttributes (253ms)
			AfterProcessingInitializeOnLoad (21ms)
			EditorAssembliesLoaded (1ms)
		ExecutionOrderSort2 (0ms)
		AwakeInstancesAfterBackupRestoration (50ms)
Refreshing native plugins compatible for Editor in 18.77 ms, found 12 plugins.
Preloading 0 native plugins for Editor in 0.00 ms.
Unloading 13 Unused Serialized files (Serialized files now loaded: 0)
Unloading 7819 unused Assets / (4.8 MB). Loaded Objects now: 8532.
Memory consumption went from 229.7 MB to 224.9 MB.
Total: 18.387400 ms (FindLiveObjects: 2.345000 ms CreateObjectMapping: 1.784500 ms MarkObjects: 9.273100 ms  DeleteObjects: 4.983100 ms)

Prepare: number of updated asset objects reloaded= 0
========================================================================
Received Import Request.
  Time since last request: 654.036682 seconds.
  path: Assets/Materials/New Material.mat
  artifactKey: Guid(6c6dc8374cf67b845afe0451e91103c6) Importer(2089858483,192608db42251d675da83286b1cce702)
Start importing Assets/Materials/New Material.mat using Guid(6c6dc8374cf67b845afe0451e91103c6) Importer(2089858483,192608db42251d675da83286b1cce702) (ScriptedImporter) -> (artifact id: '0402a33dbfa9e0f907061815978ab1f1') in 0.4491199 seconds
Number of updated asset objects reloaded before import = 0Number of asset objects unloaded after import = 1

========================================================================
Received Prepare
Begin MonoManager ReloadAssembly
[Licensing::Client] Successfully resolved entitlement details
[Licensing::Module] License group:
  Id: F4-M3XB-4QZE-38CJ-H7DD-XXXX
  Product: Unity Personal
  Type: ULF
  Expiration: Unlimited
[Licensing::Module] License group:
  Id: 2474236781743-UnityPersXXXX
  Product: Unity Personal
  Type: Assigned
  Expiration: Unlimited
- Loaded All Assemblies, in  2.888 seconds
Refreshing native plugins compatible for Editor in 21.72 ms, found 12 plugins.
Native extension for Android target not found
Native extension for WindowsStandalone target not found
[Package Manager] Failed to launch server process. Reason: Unity was launched with the -noUpm command-line argument
[Package Manager] Unable to send message (not connected to server process).
[Package Manager] Cannot connect to Unity Package Manager local server
Mono: successfully reloaded assembly
[Package Manager] Failed to launch server process. Reason: Unity was launched with the -noUpm command-line argument
[Package Manager] Unable to send message (not connected to server process).
[Package Manager] Cannot connect to Unity Package Manager local server
- Finished resetting the current domain, in  2.212 seconds
Domain Reload Profiling: 5101ms
	BeginReloadAssembly (982ms)
		ExecutionOrderSort (0ms)
		DisableScriptedObjects (29ms)
		BackupInstance (0ms)
		ReleaseScriptingObjects (2ms)
		CreateAndSetChildDomain (328ms)
	RebuildCommonClasses (90ms)
	RebuildNativeTypeToScriptingClass (30ms)
	initialDomainReloadingComplete (69ms)
	LoadAllAssembliesAndSetupDomain (1718ms)
		LoadAssemblies (1311ms)
		RebuildTransferFunctionScriptingTraits (0ms)
		AnalyzeDomain (665ms)
			TypeCache.Refresh (19ms)
				TypeCache.ScanAssembly (0ms)
			BuildScriptInfoCaches (595ms)
			ResolveRequiredComponents (35ms)
	FinalizeReload (2213ms)
		ReleaseScriptCaches (0ms)
		RebuildScriptCaches (0ms)
		SetupLoadedEditorAssemblies (1799ms)
			LogAssemblyErrors (0ms)
			InitializePlatformSupportModulesInManaged (23ms)
			SetLoadedEditorAssemblies (10ms)
			BeforeProcessingInitializeOnLoad (401ms)
			ProcessInitializeOnLoadAttributes (1073ms)
			ProcessInitializeOnLoadMethodAttributes (273ms)
			AfterProcessingInitializeOnLoad (19ms)
			EditorAssembliesLoaded (1ms)
		ExecutionOrderSort2 (0ms)
		AwakeInstancesAfterBackupRestoration (46ms)
Refreshing native plugins compatible for Editor in 19.15 ms, found 12 plugins.
Preloading 0 native plugins for Editor in 0.00 ms.
Unloading 13 Unused Serialized files (Serialized files now loaded: 0)
Unloading 7819 unused Assets / (5.2 MB). Loaded Objects now: 8535.
Memory consumption went from 229.7 MB to 224.5 MB.
Total: 18.672400 ms (FindLiveObjects: 2.007300 ms CreateObjectMapping: 1.919900 ms MarkObjects: 9.794600 ms  DeleteObjects: 4.946300 ms)

Prepare: number of updated asset objects reloaded= 0
